[2023-07-20 23:36:44.526] [puff::index::jointLog] [info] Running fixFasta
[2023-07-20 23:36:44.532] [puff::index::jointLog] [warning] Removed 7 transcripts that were sequence duplicates of indexed transcripts.
[2023-07-20 23:36:44.532] [puff::index::jointLog] [warning] If you wish to retain duplicate transcripts, please use the `--keepDuplicates` flag
[2023-07-20 23:36:44.532] [puff::index::jointLog] [info] Replaced 0 non-ATCG nucleotides
[2023-07-20 23:36:44.532] [puff::index::jointLog] [info] Clipped poly-A tails from 0 transcripts
[2023-07-20 23:36:44.534] [puff::index::jointLog] [info] Filter size not provided; estimating from number of distinct k-mers
[2023-07-20 23:36:44.537] [puff::index::jointLog] [info] ntHll estimated 107679 distinct k-mers, setting filter size to 2^21
[2023-07-20 23:36:44.684] [puff::index::jointLog] [info] Starting the Pufferfish indexing by reading the GFA binary file.
[2023-07-20 23:36:44.684] [puff::index::jointLog] [info] Setting the index/BinaryGfa directory data/NC_007605.1_CDS_EBER12_salmon_index
[2023-07-20 23:36:44.685] [puff::index::jointLog] [info] Done wrapping the rank vector with a rank9sel structure.
[2023-07-20 23:36:44.685] [puff::index::jointLog] [info] contig count for validation: 196
[2023-07-20 23:36:44.686] [puff::index::jointLog] [info] Total # of Contigs : 196
[2023-07-20 23:36:44.686] [puff::index::jointLog] [info] Total # of numerical Contigs : 196
[2023-07-20 23:36:44.686] [puff::index::jointLog] [info] Total # of contig vec entries: 471
[2023-07-20 23:36:44.686] [puff::index::jointLog] [info] bits per offset entry 9
[2023-07-20 23:36:44.686] [puff::index::jointLog] [info] Done constructing the contig vector. 197
[2023-07-20 23:36:44.687] [puff::index::jointLog] [info] # segments = 196
[2023-07-20 23:36:44.687] [puff::index::jointLog] [info] total length = 122,580
[2023-07-20 23:36:44.687] [puff::index::jointLog] [info] Reading the reference files ...
[2023-07-20 23:36:44.691] [puff::index::jointLog] [info] positional integer width = 17
[2023-07-20 23:36:44.691] [puff::index::jointLog] [info] seqSize = 122,580
[2023-07-20 23:36:44.691] [puff::index::jointLog] [info] rankSize = 122,580
[2023-07-20 23:36:44.691] [puff::index::jointLog] [info] edgeVecSize = 0
[2023-07-20 23:36:44.691] [puff::index::jointLog] [info] num keys = 116,700
[2023-07-20 23:36:44.729] [puff::index::jointLog] [info] mphf size = 0.073616 MB
[2023-07-20 23:36:44.729] [puff::index::jointLog] [info] chunk size = 61,290
[2023-07-20 23:36:44.729] [puff::index::jointLog] [info] chunk 0 = [0, 61,290)
[2023-07-20 23:36:44.729] [puff::index::jointLog] [info] chunk 1 = [61,290, 122,550)
[2023-07-20 23:36:44.746] [puff::index::jointLog] [info] finished populating pos vector
[2023-07-20 23:36:44.746] [puff::index::jointLog] [info] writing index components
[2023-07-20 23:36:44.747] [puff::index::jointLog] [info] finished writing dense pufferfish index
